============================= test session starts ==============================
platform linux -- Python 3.10.6, pytest-7.4.0, pluggy-1.2.0
rootdir: /home/runner/work/github_actions/github_actions
collected 4 items

file_test.py ....                                                        [100%]

============================== 4 passed in 0.01s ===============================
============================= test session starts ==============================
platform linux -- Python 3.10.6, pytest-7.4.0, pluggy-1.2.0
rootdir: /home/runner/work/github_actions/github_actions
collected 4 items

file_test.py ....                                                        [100%]

============================== 4 passed in 0.01s ===============================
============================= test session starts ==============================
platform linux -- Python 3.10.6, pytest-7.4.0, pluggy-1.2.0
rootdir: /home/runner/work/github_actions/github_actions
collected 4 items

file_test.py ....                                                        [100%]

============================== 4 passed in 0.02s ===============================
